# JRE version: OpenJDK Runtime Environment Temurin-17.0.12+7 (17.0.12+7) (build 17.0.12+7)
# Java VM: OpenJDK 64-Bit Server VM Temurin-17.0.12+7 (17.0.12+7, mixed mode, tiered, compressed oops, compressed class ptrs, parallel gc, windows-amd64)
GC Precious Log:
 CPUs: 8 total, 8 available
 Memory: 16321M
 Large Page Support: Disabled
 NUMA Support: Disabled
 Compressed Oops: Enabled (32-bit)
 Alignments: Space 512K, Generation 512K, Heap 2M
 Heap Min Capacity: 100M
 Heap Initial Capacity: 100M
 Heap Max Capacity: 1G
 Pre-touch: Disabled
 Parallel Workers: 8
Heap:
 PSYoungGen      total 54784K, used 50587K [0x00000000eab00000, 0x00000000eea80000, 0x0000000100000000)
  eden space 42496K, 100% used [0x00000000eab00000,0x00000000ed480000,0x00000000ed480000)
  from space 12288K, 65% used [0x00000000ed480000,0x00000000edc66c08,0x00000000ee080000)
  to   space 9728K, 0% used [0x00000000ee100000,0x00000000ee100000,0x00000000eea80000)
 ParOldGen       total 338432K, used 301163K [0x00000000c0000000, 0x00000000d4a80000, 0x00000000eab00000)
  object space 338432K, 88% used [0x00000000c0000000,0x00000000d261ae80,0x00000000d4a80000)
 Metaspace       used 74298K, committed 75520K, reserved 1179648K
  class space    used 8479K, committed 9024K, reserved 1048576K
GC Heap History (20 events):
Event: 198.544 GC heap before
{Heap before GC invocations=206 (full 10):
 PSYoungGen      total 49152K, used 49151K [0x00000000eab00000, 0x00000000eef00000, 0x0000000100000000)
  eden space 33280K, 100% used [0x00000000eab00000,0x00000000ecb80000,0x00000000ecb80000)
  from space 15872K, 99% used [0x00000000edf80000,0x00000000eeeffc38,0x00000000eef00000)
  to   space 17408K, 0% used [0x00000000ecd00000,0x00000000ecd00000,0x00000000ede00000)
 ParOldGen       total 272896K, used 265013K [0x00000000c0000000, 0x00000000d0a80000, 0x00000000eab00000)
  object space 272896K, 97% used [0x00000000c0000000,0x00000000d02cd530,0x00000000d0a80000)
 Metaspace       used 71240K, committed 72384K, reserved 1114112K
  class space    used 8188K, committed 8704K, reserved 1048576K
}
Event: 198.551 GC heap after
{Heap after GC invocations=206 (full 10):
 PSYoungGen      total 52224K, used 17390K [0x00000000eab00000, 0x00000000f0a80000, 0x0000000100000000)
  eden space 34816K, 0% used [0x00000000eab00000,0x00000000eab00000,0x00000000ecd00000)
  from space 17408K, 99% used [0x00000000ecd00000,0x00000000eddfba50,0x00000000ede00000)
  to   space 30720K, 0% used [0x00000000eec80000,0x00000000eec80000,0x00000000f0a80000)
 ParOldGen       total 275968K, used 275932K [0x00000000c0000000, 0x00000000d0d80000, 0x00000000eab00000)
  object space 275968K, 99% used [0x00000000c0000000,0x00000000d0d77008,0x00000000d0d80000)
 Metaspace       used 71240K, committed 72384K, reserved 1114112K
  class space    used 8188K, committed 8704K, reserved 1048576K
}
Event: 198.551 GC heap before
{Heap before GC invocations=207 (full 11):
 PSYoungGen      total 52224K, used 17390K [0x00000000eab00000, 0x00000000f0a80000, 0x0000000100000000)
  eden space 34816K, 0% used [0x00000000eab00000,0x00000000eab00000,0x00000000ecd00000)
  from space 17408K, 99% used [0x00000000ecd00000,0x00000000eddfba50,0x00000000ede00000)
  to   space 30720K, 0% used [0x00000000eec80000,0x00000000eec80000,0x00000000f0a80000)
 ParOldGen       total 275968K, used 275932K [0x00000000c0000000, 0x00000000d0d80000, 0x00000000eab00000)
  object space 275968K, 99% used [0x00000000c0000000,0x00000000d0d77008,0x00000000d0d80000)
 Metaspace       used 71240K, committed 72384K, reserved 1114112K
  class space    used 8188K, committed 8704K, reserved 1048576K
}
Event: 198.766 GC heap after
{Heap after GC invocations=207 (full 11):
 PSYoungGen      total 52224K, used 13925K [0x00000000eab00000, 0x00000000f0b80000, 0x0000000100000000)
  eden space 34816K, 0% used [0x00000000eab00000,0x00000000eab00000,0x00000000ecd00000)
  from space 17408K, 79% used [0x00000000ecd00000,0x00000000eda996b8,0x00000000ede00000)
  to   space 30720K, 0% used [0x00000000eed80000,0x00000000eed80000,0x00000000f0b80000)
 ParOldGen       total 338432K, used 275734K [0x00000000c0000000, 0x00000000d4a80000, 0x00000000eab00000)
  object space 338432K, 81% used [0x00000000c0000000,0x00000000d0d459c0,0x00000000d4a80000)
 Metaspace       used 71240K, committed 72384K, reserved 1114112K
  class space    used 8188K, committed 8704K, reserved 1048576K
}
Event: 201.292 GC heap before
{Heap before GC invocations=208 (full 11):
 PSYoungGen      total 52224K, used 48741K [0x00000000eab00000, 0x00000000f0b80000, 0x0000000100000000)
  eden space 34816K, 100% used [0x00000000eab00000,0x00000000ecd00000,0x00000000ecd00000)
  from space 17408K, 79% used [0x00000000ecd00000,0x00000000eda996b8,0x00000000ede00000)
  to   space 30720K, 0% used [0x00000000eed80000,0x00000000eed80000,0x00000000f0b80000)
 ParOldGen       total 338432K, used 275734K [0x00000000c0000000, 0x00000000d4a80000, 0x00000000eab00000)
  object space 338432K, 81% used [0x00000000c0000000,0x00000000d0d459c0,0x00000000d4a80000)
 Metaspace       used 72471K, committed 73664K, reserved 1179648K
  class space    used 8290K, committed 8832K, reserved 1048576K
}
Event: 201.315 GC heap after
{Heap after GC invocations=208 (full 11):
 PSYoungGen      total 45568K, used 7860K [0x00000000eab00000, 0x00000000ef580000, 0x0000000100000000)
  eden space 37376K, 0% used [0x00000000eab00000,0x00000000eab00000,0x00000000ecf80000)
  from space 8192K, 95% used [0x00000000eed80000,0x00000000ef52d1b0,0x00000000ef580000)
  to   space 15360K, 0% used [0x00000000ed780000,0x00000000ed780000,0x00000000ee680000)
 ParOldGen       total 338432K, used 283459K [0x00000000c0000000, 0x00000000d4a80000, 0x00000000eab00000)
  object space 338432K, 83% used [0x00000000c0000000,0x00000000d14d0d20,0x00000000d4a80000)
 Metaspace       used 72471K, committed 73664K, reserved 1179648K
  class space    used 8290K, committed 8832K, reserved 1048576K
}
Event: 215.715 GC heap before
{Heap before GC invocations=209 (full 11):
 PSYoungGen      total 45568K, used 45236K [0x00000000eab00000, 0x00000000ef580000, 0x0000000100000000)
  eden space 37376K, 100% used [0x00000000eab00000,0x00000000ecf80000,0x00000000ecf80000)
  from space 8192K, 95% used [0x00000000eed80000,0x00000000ef52d1b0,0x00000000ef580000)
  to   space 15360K, 0% used [0x00000000ed780000,0x00000000ed780000,0x00000000ee680000)
 ParOldGen       total 338432K, used 283459K [0x00000000c0000000, 0x00000000d4a80000, 0x00000000eab00000)
  object space 338432K, 83% used [0x00000000c0000000,0x00000000d14d0d20,0x00000000d4a80000)
 Metaspace       used 73841K, committed 75008K, reserved 1179648K
  class space    used 8467K, committed 8960K, reserved 1048576K
}
Event: 215.720 GC heap after
{Heap after GC invocations=209 (full 11):
 PSYoungGen      total 48640K, used 9152K [0x00000000eab00000, 0x00000000eee00000, 0x0000000100000000)
  eden space 39424K, 0% used [0x00000000eab00000,0x00000000eab00000,0x00000000ed180000)
  from space 9216K, 99% used [0x00000000ed780000,0x00000000ee070368,0x00000000ee080000)
  to   space 10240K, 0% used [0x00000000ee400000,0x00000000ee400000,0x00000000eee00000)
 ParOldGen       total 338432K, used 283467K [0x00000000c0000000, 0x00000000d4a80000, 0x00000000eab00000)
  object space 338432K, 83% used [0x00000000c0000000,0x00000000d14d2d20,0x00000000d4a80000)
 Metaspace       used 73841K, committed 75008K, reserved 1179648K
  class space    used 8467K, committed 8960K, reserved 1048576K
}
Event: 215.784 GC heap before
{Heap before GC invocations=210 (full 11):
 PSYoungGen      total 48640K, used 48576K [0x00000000eab00000, 0x00000000eee00000, 0x0000000100000000)
  eden space 39424K, 100% used [0x00000000eab00000,0x00000000ed180000,0x00000000ed180000)
  from space 9216K, 99% used [0x00000000ed780000,0x00000000ee070368,0x00000000ee080000)
  to   space 10240K, 0% used [0x00000000ee400000,0x00000000ee400000,0x00000000eee00000)
 ParOldGen       total 338432K, used 283467K [0x00000000c0000000, 0x00000000d4a80000, 0x00000000eab00000)
  object space 338432K, 83% used [0x00000000c0000000,0x00000000d14d2d20,0x00000000d4a80000)
 Metaspace       used 73851K, committed 75008K, reserved 1179648K
  class space    used 8467K, committed 8960K, reserved 1048576K
}
Event: 215.789 GC heap after
{Heap after GC invocations=210 (full 11):
 PSYoungGen      total 51712K, used 10237K [0x00000000eab00000, 0x00000000eee00000, 0x0000000100000000)
  eden space 41472K, 0% used [0x00000000eab00000,0x00000000eab00000,0x00000000ed380000)
  from space 10240K, 99% used [0x00000000ee400000,0x00000000eedff700,0x00000000eee00000)
  to   space 12288K, 0% used [0x00000000ed600000,0x00000000ed600000,0x00000000ee200000)
 ParOldGen       total 338432K, used 284722K [0x00000000c0000000, 0x00000000d4a80000, 0x00000000eab00000)
  object space 338432K, 84% used [0x00000000c0000000,0x00000000d160cbb8,0x00000000d4a80000)
 Metaspace       used 73851K, committed 75008K, reserved 1179648K
  class space    used 8467K, committed 8960K, reserved 1048576K
}
Event: 215.855 GC heap before
{Heap before GC invocations=211 (full 11):
 PSYoungGen      total 51712K, used 51709K [0x00000000eab00000, 0x00000000eee00000, 0x0000000100000000)
  eden space 41472K, 100% used [0x00000000eab00000,0x00000000ed380000,0x00000000ed380000)
  from space 10240K, 99% used [0x00000000ee400000,0x00000000eedff700,0x00000000eee00000)
  to   space 12288K, 0% used [0x00000000ed600000,0x00000000ed600000,0x00000000ee200000)
 ParOldGen       total 338432K, used 284722K [0x00000000c0000000, 0x00000000d4a80000, 0x00000000eab00000)
  object space 338432K, 84% used [0x00000000c0000000,0x00000000d160cbb8,0x00000000d4a80000)
 Metaspace       used 73877K, committed 75072K, reserved 1179648K
  class space    used 8469K, committed 8960K, reserved 1048576K
}
Event: 215.860 GC heap after
{Heap after GC invocations=211 (full 11):
 PSYoungGen      total 50688K, used 6640K [0x00000000eab00000, 0x00000000ee700000, 0x0000000100000000)
  eden space 44032K, 0% used [0x00000000eab00000,0x00000000eab00000,0x00000000ed600000)
  from space 6656K, 99% used [0x00000000ed600000,0x00000000edc7c290,0x00000000edc80000)
  to   space 8704K, 0% used [0x00000000ede80000,0x00000000ede80000,0x00000000ee700000)
 ParOldGen       total 338432K, used 291353K [0x00000000c0000000, 0x00000000d4a80000, 0x00000000eab00000)
  object space 338432K, 86% used [0x00000000c0000000,0x00000000d1c867c8,0x00000000d4a80000)
 Metaspace       used 73877K, committed 75072K, reserved 1179648K
  class space    used 8469K, committed 8960K, reserved 1048576K
}
Event: 215.929 GC heap before
{Heap before GC invocations=212 (full 11):
 PSYoungGen      total 50688K, used 50672K [0x00000000eab00000, 0x00000000ee700000, 0x0000000100000000)
  eden space 44032K, 100% used [0x00000000eab00000,0x00000000ed600000,0x00000000ed600000)
  from space 6656K, 99% used [0x00000000ed600000,0x00000000edc7c290,0x00000000edc80000)
  to   space 8704K, 0% used [0x00000000ede80000,0x00000000ede80000,0x00000000ee700000)
 ParOldGen       total 338432K, used 291353K [0x00000000c0000000, 0x00000000d4a80000, 0x00000000eab00000)
  object space 338432K, 86% used [0x00000000c0000000,0x00000000d1c867c8,0x00000000d4a80000)
 Metaspace       used 73917K, committed 75072K, reserved 1179648K
  class space    used 8469K, committed 8960K, reserved 1048576K
}
Event: 215.933 GC heap after
{Heap after GC invocations=212 (full 11):
 PSYoungGen      total 51712K, used 8689K [0x00000000eab00000, 0x00000000eeb80000, 0x0000000100000000)
  eden space 43008K, 0% used [0x00000000eab00000,0x00000000eab00000,0x00000000ed500000)
  from space 8704K, 99% used [0x00000000ede80000,0x00000000ee6fc738,0x00000000ee700000)
  to   space 9728K, 0% used [0x00000000ed500000,0x00000000ed500000,0x00000000ede80000)
 ParOldGen       total 338432K, used 291825K [0x00000000c0000000, 0x00000000d4a80000, 0x00000000eab00000)
  object space 338432K, 86% used [0x00000000c0000000,0x00000000d1cfc7c8,0x00000000d4a80000)
 Metaspace       used 73917K, committed 75072K, reserved 1179648K
  class space    used 8469K, committed 8960K, reserved 1048576K
}
Event: 215.991 GC heap before
{Heap before GC invocations=213 (full 11):
 PSYoungGen      total 51712K, used 51697K [0x00000000eab00000, 0x00000000eeb80000, 0x0000000100000000)
  eden space 43008K, 100% used [0x00000000eab00000,0x00000000ed500000,0x00000000ed500000)
  from space 8704K, 99% used [0x00000000ede80000,0x00000000ee6fc738,0x00000000ee700000)
  to   space 9728K, 0% used [0x00000000ed500000,0x00000000ed500000,0x00000000ede80000)
 ParOldGen       total 338432K, used 291825K [0x00000000c0000000, 0x00000000d4a80000, 0x00000000eab00000)
  object space 338432K, 86% used [0x00000000c0000000,0x00000000d1cfc7c8,0x00000000d4a80000)
 Metaspace       used 73934K, committed 75072K, reserved 1179648K
  class space    used 8469K, committed 8960K, reserved 1048576K
}
Event: 215.997 GC heap after
{Heap after GC invocations=213 (full 11):
 PSYoungGen      total 52736K, used 8816K [0x00000000eab00000, 0x00000000ee980000, 0x0000000100000000)
  eden space 43008K, 0% used [0x00000000eab00000,0x00000000eab00000,0x00000000ed500000)
  from space 9728K, 90% used [0x00000000ed500000,0x00000000edd9c008,0x00000000ede80000)
  to   space 9216K, 0% used [0x00000000ee080000,0x00000000ee080000,0x00000000ee980000)
 ParOldGen       total 338432K, used 294979K [0x00000000c0000000, 0x00000000d4a80000, 0x00000000eab00000)
  object space 338432K, 87% used [0x00000000c0000000,0x00000000d2010e78,0x00000000d4a80000)
 Metaspace       used 73934K, committed 75072K, reserved 1179648K
  class space    used 8469K, committed 8960K, reserved 1048576K
}
Event: 216.055 GC heap before
{Heap before GC invocations=214 (full 11):
 PSYoungGen      total 52736K, used 51824K [0x00000000eab00000, 0x00000000ee980000, 0x0000000100000000)
  eden space 43008K, 100% used [0x00000000eab00000,0x00000000ed500000,0x00000000ed500000)
  from space 9728K, 90% used [0x00000000ed500000,0x00000000edd9c008,0x00000000ede80000)
  to   space 9216K, 0% used [0x00000000ee080000,0x00000000ee080000,0x00000000ee980000)
 ParOldGen       total 338432K, used 294979K [0x00000000c0000000, 0x00000000d4a80000, 0x00000000eab00000)
  object space 338432K, 87% used [0x00000000c0000000,0x00000000d2010e78,0x00000000d4a80000)
 Metaspace       used 73936K, committed 75072K, reserved 1179648K
  class space    used 8469K, committed 8960K, reserved 1048576K
}
Event: 216.064 GC heap after
{Heap after GC invocations=214 (full 11):
 PSYoungGen      total 51712K, used 9190K [0x00000000eab00000, 0x00000000ef000000, 0x0000000100000000)
  eden space 42496K, 0% used [0x00000000eab00000,0x00000000eab00000,0x00000000ed480000)
  from space 9216K, 99% used [0x00000000ee080000,0x00000000ee979818,0x00000000ee980000)
  to   space 12288K, 0% used [0x00000000ed480000,0x00000000ed480000,0x00000000ee080000)
 ParOldGen       total 338432K, used 297203K [0x00000000c0000000, 0x00000000d4a80000, 0x00000000eab00000)
  object space 338432K, 87% used [0x00000000c0000000,0x00000000d223ce78,0x00000000d4a80000)
 Metaspace       used 73936K, committed 75072K, reserved 1179648K
  class space    used 8469K, committed 8960K, reserved 1048576K
}
Event: 216.141 GC heap before
{Heap before GC invocations=215 (full 11):
 PSYoungGen      total 51712K, used 50944K [0x00000000eab00000, 0x00000000ef000000, 0x0000000100000000)
  eden space 42496K, 98% used [0x00000000eab00000,0x00000000ed3c6a28,0x00000000ed480000)
  from space 9216K, 99% used [0x00000000ee080000,0x00000000ee979818,0x00000000ee980000)
  to   space 12288K, 0% used [0x00000000ed480000,0x00000000ed480000,0x00000000ee080000)
 ParOldGen       total 338432K, used 297203K [0x00000000c0000000, 0x00000000d4a80000, 0x00000000eab00000)
  object space 338432K, 87% used [0x00000000c0000000,0x00000000d223ce78,0x00000000d4a80000)
 Metaspace       used 73984K, committed 75136K, reserved 1179648K
  class space    used 8469K, committed 8960K, reserved 1048576K
}
Event: 216.148 GC heap after
{Heap after GC invocations=215 (full 11):
 PSYoungGen      total 54784K, used 8091K [0x00000000eab00000, 0x00000000eea80000, 0x0000000100000000)
  eden space 42496K, 0% used [0x00000000eab00000,0x00000000eab00000,0x00000000ed480000)
  from space 12288K, 65% used [0x00000000ed480000,0x00000000edc66c08,0x00000000ee080000)
  to   space 9728K, 0% used [0x00000000ee100000,0x00000000ee100000,0x00000000eea80000)
 ParOldGen       total 338432K, used 301163K [0x00000000c0000000, 0x00000000d4a80000, 0x00000000eab00000)
  object space 338432K, 88% used [0x00000000c0000000,0x00000000d261ae80,0x00000000d4a80000)
 Metaspace       used 73984K, committed 75136K, reserved 1179648K
  class space    used 8469K, committed 8960K, reserved 1048576K
}

