# JRE version: OpenJDK Runtime Environment Temurin-17.0.13+11 (17.0.13+11) (build 17.0.13+11)
# Java VM: OpenJDK 64-Bit Server VM Temurin-17.0.13+11 (17.0.13+11, mixed mode, tiered, compressed oops, compressed class ptrs, parallel gc, windows-amd64)
GC Precious Log:
 CPUs: 8 total, 8 available
 Memory: 16321M
 Large Page Support: Disabled
 NUMA Support: Disabled
 Compressed Oops: Enabled (32-bit)
 Alignments: Space 512K, Generation 512K, Heap 2M
 Heap Min Capacity: 100M
 Heap Initial Capacity: 100M
 Heap Max Capacity: 1G
 Pre-touch: Disabled
 Parallel Workers: 8
Heap:
 PSYoungGen      total 14336K, used 14335K [0x00000000eab00000, 0x00000000ec500000, 0x0000000100000000)
  eden space 11264K, 100% used [0x00000000eab00000,0x00000000eb600000,0x00000000eb600000)
  from space 3072K, 99% used [0x00000000eb600000,0x00000000eb8ffd58,0x00000000eb900000)
  to   space 7680K, 0% used [0x00000000ebd80000,0x00000000ebd80000,0x00000000ec500000)
 ParOldGen       total 95744K, used 95669K [0x00000000c0000000, 0x00000000c5d80000, 0x00000000eab00000)
  object space 95744K, 99% used [0x00000000c0000000,0x00000000c5d6d690,0x00000000c5d80000)
 Metaspace       used 57136K, committed 58176K, reserved 1114112K
  class space    used 6078K, committed 6528K, reserved 1048576K
GC Heap History (20 events):
Event: 5.851 GC heap after
{Heap after GC invocations=40 (full 3):
 PSYoungGen      total 15360K, used 3153K [0x00000000eab00000, 0x00000000ebf80000, 0x0000000100000000)
  eden space 11776K, 0% used [0x00000000eab00000,0x00000000eab00000,0x00000000eb680000)
  from space 3584K, 87% used [0x00000000ebc00000,0x00000000ebf14768,0x00000000ebf80000)
  to   space 3584K, 0% used [0x00000000eb880000,0x00000000eb880000,0x00000000ebc00000)
 ParOldGen       total 95744K, used 71283K [0x00000000c0000000, 0x00000000c5d80000, 0x00000000eab00000)
  object space 95744K, 74% used [0x00000000c0000000,0x00000000c459cf28,0x00000000c5d80000)
 Metaspace       used 57126K, committed 58176K, reserved 1114112K
  class space    used 6078K, committed 6528K, reserved 1048576K
}
Event: 5.963 GC heap before
{Heap before GC invocations=41 (full 3):
 PSYoungGen      total 15360K, used 14929K [0x00000000eab00000, 0x00000000ebf80000, 0x0000000100000000)
  eden space 11776K, 100% used [0x00000000eab00000,0x00000000eb680000,0x00000000eb680000)
  from space 3584K, 87% used [0x00000000ebc00000,0x00000000ebf14768,0x00000000ebf80000)
  to   space 3584K, 0% used [0x00000000eb880000,0x00000000eb880000,0x00000000ebc00000)
 ParOldGen       total 95744K, used 71283K [0x00000000c0000000, 0x00000000c5d80000, 0x00000000eab00000)
  object space 95744K, 74% used [0x00000000c0000000,0x00000000c459cf28,0x00000000c5d80000)
 Metaspace       used 57127K, committed 58176K, reserved 1114112K
  class space    used 6078K, committed 6528K, reserved 1048576K
}
Event: 5.967 GC heap after
{Heap after GC invocations=41 (full 3):
 PSYoungGen      total 14848K, used 2822K [0x00000000eab00000, 0x00000000ebc80000, 0x0000000100000000)
  eden space 11776K, 0% used [0x00000000eab00000,0x00000000eab00000,0x00000000eb680000)
  from space 3072K, 91% used [0x00000000eb880000,0x00000000ebb41900,0x00000000ebb80000)
  to   space 1024K, 0% used [0x00000000ebb80000,0x00000000ebb80000,0x00000000ebc80000)
 ParOldGen       total 95744K, used 74286K [0x00000000c0000000, 0x00000000c5d80000, 0x00000000eab00000)
  object space 95744K, 77% used [0x00000000c0000000,0x00000000c488bb28,0x00000000c5d80000)
 Metaspace       used 57127K, committed 58176K, reserved 1114112K
  class space    used 6078K, committed 6528K, reserved 1048576K
}
Event: 6.025 GC heap before
{Heap before GC invocations=42 (full 3):
 PSYoungGen      total 14848K, used 14598K [0x00000000eab00000, 0x00000000ebc80000, 0x0000000100000000)
  eden space 11776K, 100% used [0x00000000eab00000,0x00000000eb680000,0x00000000eb680000)
  from space 3072K, 91% used [0x00000000eb880000,0x00000000ebb41900,0x00000000ebb80000)
  to   space 1024K, 0% used [0x00000000ebb80000,0x00000000ebb80000,0x00000000ebc80000)
 ParOldGen       total 95744K, used 74286K [0x00000000c0000000, 0x00000000c5d80000, 0x00000000eab00000)
  object space 95744K, 77% used [0x00000000c0000000,0x00000000c488bb28,0x00000000c5d80000)
 Metaspace       used 57127K, committed 58176K, reserved 1114112K
  class space    used 6078K, committed 6528K, reserved 1048576K
}
Event: 6.028 GC heap after
{Heap after GC invocations=42 (full 3):
 PSYoungGen      total 12288K, used 1024K [0x00000000eab00000, 0x00000000ec180000, 0x0000000100000000)
  eden space 11264K, 0% used [0x00000000eab00000,0x00000000eab00000,0x00000000eb600000)
  from space 1024K, 100% used [0x00000000ebb80000,0x00000000ebc80000,0x00000000ebc80000)
  to   space 5632K, 0% used [0x00000000eb600000,0x00000000eb600000,0x00000000ebb80000)
 ParOldGen       total 95744K, used 78339K [0x00000000c0000000, 0x00000000c5d80000, 0x00000000eab00000)
  object space 95744K, 81% used [0x00000000c0000000,0x00000000c4c80f70,0x00000000c5d80000)
 Metaspace       used 57127K, committed 58176K, reserved 1114112K
  class space    used 6078K, committed 6528K, reserved 1048576K
}
Event: 6.070 GC heap before
{Heap before GC invocations=43 (full 3):
 PSYoungGen      total 12288K, used 12288K [0x00000000eab00000, 0x00000000ec180000, 0x0000000100000000)
  eden space 11264K, 100% used [0x00000000eab00000,0x00000000eb600000,0x00000000eb600000)
  from space 1024K, 100% used [0x00000000ebb80000,0x00000000ebc80000,0x00000000ebc80000)
  to   space 5632K, 0% used [0x00000000eb600000,0x00000000eb600000,0x00000000ebb80000)
 ParOldGen       total 95744K, used 78339K [0x00000000c0000000, 0x00000000c5d80000, 0x00000000eab00000)
  object space 95744K, 81% used [0x00000000c0000000,0x00000000c4c80f70,0x00000000c5d80000)
 Metaspace       used 57130K, committed 58176K, reserved 1114112K
  class space    used 6078K, committed 6528K, reserved 1048576K
}
Event: 6.072 GC heap after
{Heap after GC invocations=43 (full 3):
 PSYoungGen      total 14336K, used 2606K [0x00000000eab00000, 0x00000000ebd00000, 0x0000000100000000)
  eden space 11264K, 0% used [0x00000000eab00000,0x00000000eab00000,0x00000000eb600000)
  from space 3072K, 84% used [0x00000000eb600000,0x00000000eb88b918,0x00000000eb900000)
  to   space 3584K, 0% used [0x00000000eb980000,0x00000000eb980000,0x00000000ebd00000)
 ParOldGen       total 95744K, used 79321K [0x00000000c0000000, 0x00000000c5d80000, 0x00000000eab00000)
  object space 95744K, 82% used [0x00000000c0000000,0x00000000c4d76698,0x00000000c5d80000)
 Metaspace       used 57130K, committed 58176K, reserved 1114112K
  class space    used 6078K, committed 6528K, reserved 1048576K
}
Event: 6.108 GC heap before
{Heap before GC invocations=44 (full 3):
 PSYoungGen      total 14336K, used 13870K [0x00000000eab00000, 0x00000000ebd00000, 0x0000000100000000)
  eden space 11264K, 100% used [0x00000000eab00000,0x00000000eb600000,0x00000000eb600000)
  from space 3072K, 84% used [0x00000000eb600000,0x00000000eb88b918,0x00000000eb900000)
  to   space 3584K, 0% used [0x00000000eb980000,0x00000000eb980000,0x00000000ebd00000)
 ParOldGen       total 95744K, used 79321K [0x00000000c0000000, 0x00000000c5d80000, 0x00000000eab00000)
  object space 95744K, 82% used [0x00000000c0000000,0x00000000c4d76698,0x00000000c5d80000)
 Metaspace       used 57130K, committed 58176K, reserved 1114112K
  class space    used 6078K, committed 6528K, reserved 1048576K
}
Event: 6.111 GC heap after
{Heap after GC invocations=44 (full 3):
 PSYoungGen      total 14336K, used 2818K [0x00000000eab00000, 0x00000000ebc80000, 0x0000000100000000)
  eden space 11264K, 0% used [0x00000000eab00000,0x00000000eab00000,0x00000000eb600000)
  from space 3072K, 91% used [0x00000000eb980000,0x00000000ebc40980,0x00000000ebc80000)
  to   space 3072K, 0% used [0x00000000eb600000,0x00000000eb600000,0x00000000eb900000)
 ParOldGen       total 95744K, used 81788K [0x00000000c0000000, 0x00000000c5d80000, 0x00000000eab00000)
  object space 95744K, 85% used [0x00000000c0000000,0x00000000c4fdf1a0,0x00000000c5d80000)
 Metaspace       used 57130K, committed 58176K, reserved 1114112K
  class space    used 6078K, committed 6528K, reserved 1048576K
}
Event: 6.154 GC heap before
{Heap before GC invocations=45 (full 3):
 PSYoungGen      total 14336K, used 14082K [0x00000000eab00000, 0x00000000ebc80000, 0x0000000100000000)
  eden space 11264K, 100% used [0x00000000eab00000,0x00000000eb600000,0x00000000eb600000)
  from space 3072K, 91% used [0x00000000eb980000,0x00000000ebc40980,0x00000000ebc80000)
  to   space 3072K, 0% used [0x00000000eb600000,0x00000000eb600000,0x00000000eb900000)
 ParOldGen       total 95744K, used 81788K [0x00000000c0000000, 0x00000000c5d80000, 0x00000000eab00000)
  object space 95744K, 85% used [0x00000000c0000000,0x00000000c4fdf1a0,0x00000000c5d80000)
 Metaspace       used 57130K, committed 58176K, reserved 1114112K
  class space    used 6078K, committed 6528K, reserved 1048576K
}
Event: 6.156 GC heap after
{Heap after GC invocations=45 (full 3):
 PSYoungGen      total 14336K, used 2827K [0x00000000eab00000, 0x00000000ebc00000, 0x0000000100000000)
  eden space 11264K, 0% used [0x00000000eab00000,0x00000000eab00000,0x00000000eb600000)
  from space 3072K, 92% used [0x00000000eb600000,0x00000000eb8c2f20,0x00000000eb900000)
  to   space 3072K, 0% used [0x00000000eb900000,0x00000000eb900000,0x00000000ebc00000)
 ParOldGen       total 95744K, used 84368K [0x00000000c0000000, 0x00000000c5d80000, 0x00000000eab00000)
  object space 95744K, 88% used [0x00000000c0000000,0x00000000c5264010,0x00000000c5d80000)
 Metaspace       used 57130K, committed 58176K, reserved 1114112K
  class space    used 6078K, committed 6528K, reserved 1048576K
}
Event: 6.200 GC heap before
{Heap before GC invocations=46 (full 3):
 PSYoungGen      total 14336K, used 14091K [0x00000000eab00000, 0x00000000ebc00000, 0x0000000100000000)
  eden space 11264K, 100% used [0x00000000eab00000,0x00000000eb600000,0x00000000eb600000)
  from space 3072K, 92% used [0x00000000eb600000,0x00000000eb8c2f20,0x00000000eb900000)
  to   space 3072K, 0% used [0x00000000eb900000,0x00000000eb900000,0x00000000ebc00000)
 ParOldGen       total 95744K, used 84368K [0x00000000c0000000, 0x00000000c5d80000, 0x00000000eab00000)
  object space 95744K, 88% used [0x00000000c0000000,0x00000000c5264010,0x00000000c5d80000)
 Metaspace       used 57130K, committed 58176K, reserved 1114112K
  class space    used 6078K, committed 6528K, reserved 1048576K
}
Event: 6.203 GC heap after
{Heap after GC invocations=46 (full 3):
 PSYoungGen      total 14336K, used 2737K [0x00000000eab00000, 0x00000000ebc00000, 0x0000000100000000)
  eden space 11264K, 0% used [0x00000000eab00000,0x00000000eab00000,0x00000000eb600000)
  from space 3072K, 89% used [0x00000000eb900000,0x00000000ebbac410,0x00000000ebc00000)
  to   space 3072K, 0% used [0x00000000eb600000,0x00000000eb600000,0x00000000eb900000)
 ParOldGen       total 95744K, used 87007K [0x00000000c0000000, 0x00000000c5d80000, 0x00000000eab00000)
  object space 95744K, 90% used [0x00000000c0000000,0x00000000c54f7cb0,0x00000000c5d80000)
 Metaspace       used 57130K, committed 58176K, reserved 1114112K
  class space    used 6078K, committed 6528K, reserved 1048576K
}
Event: 6.238 GC heap before
{Heap before GC invocations=47 (full 3):
 PSYoungGen      total 14336K, used 14001K [0x00000000eab00000, 0x00000000ebc00000, 0x0000000100000000)
  eden space 11264K, 100% used [0x00000000eab00000,0x00000000eb600000,0x00000000eb600000)
  from space 3072K, 89% used [0x00000000eb900000,0x00000000ebbac410,0x00000000ebc00000)
  to   space 3072K, 0% used [0x00000000eb600000,0x00000000eb600000,0x00000000eb900000)
 ParOldGen       total 95744K, used 87007K [0x00000000c0000000, 0x00000000c5d80000, 0x00000000eab00000)
  object space 95744K, 90% used [0x00000000c0000000,0x00000000c54f7cb0,0x00000000c5d80000)
 Metaspace       used 57130K, committed 58176K, reserved 1114112K
  class space    used 6078K, committed 6528K, reserved 1048576K
}
Event: 6.242 GC heap after
{Heap after GC invocations=47 (full 3):
 PSYoungGen      total 14336K, used 2623K [0x00000000eab00000, 0x00000000ebc00000, 0x0000000100000000)
  eden space 11264K, 0% used [0x00000000eab00000,0x00000000eab00000,0x00000000eb600000)
  from space 3072K, 85% used [0x00000000eb600000,0x00000000eb88ffd0,0x00000000eb900000)
  to   space 3072K, 0% used [0x00000000eb900000,0x00000000eb900000,0x00000000ebc00000)
 ParOldGen       total 95744K, used 89658K [0x00000000c0000000, 0x00000000c5d80000, 0x00000000eab00000)
  object space 95744K, 93% used [0x00000000c0000000,0x00000000c578e9f0,0x00000000c5d80000)
 Metaspace       used 57130K, committed 58176K, reserved 1114112K
  class space    used 6078K, committed 6528K, reserved 1048576K
}
Event: 6.279 GC heap before
{Heap before GC invocations=48 (full 3):
 PSYoungGen      total 14336K, used 13887K [0x00000000eab00000, 0x00000000ebc00000, 0x0000000100000000)
  eden space 11264K, 100% used [0x00000000eab00000,0x00000000eb600000,0x00000000eb600000)
  from space 3072K, 85% used [0x00000000eb600000,0x00000000eb88ffd0,0x00000000eb900000)
  to   space 3072K, 0% used [0x00000000eb900000,0x00000000eb900000,0x00000000ebc00000)
 ParOldGen       total 95744K, used 89658K [0x00000000c0000000, 0x00000000c5d80000, 0x00000000eab00000)
  object space 95744K, 93% used [0x00000000c0000000,0x00000000c578e9f0,0x00000000c5d80000)
 Metaspace       used 57130K, committed 58176K, reserved 1114112K
  class space    used 6078K, committed 6528K, reserved 1048576K
}
Event: 6.282 GC heap after
{Heap after GC invocations=48 (full 3):
 PSYoungGen      total 14336K, used 2848K [0x00000000eab00000, 0x00000000ebc00000, 0x0000000100000000)
  eden space 11264K, 0% used [0x00000000eab00000,0x00000000eab00000,0x00000000eb600000)
  from space 3072K, 92% used [0x00000000eb900000,0x00000000ebbc8130,0x00000000ebc00000)
  to   space 3072K, 0% used [0x00000000eb600000,0x00000000eb600000,0x00000000eb900000)
 ParOldGen       total 95744K, used 92144K [0x00000000c0000000, 0x00000000c5d80000, 0x00000000eab00000)
  object space 95744K, 96% used [0x00000000c0000000,0x00000000c59fc0c0,0x00000000c5d80000)
 Metaspace       used 57130K, committed 58176K, reserved 1114112K
  class space    used 6078K, committed 6528K, reserved 1048576K
}
Event: 6.341 GC heap before
{Heap before GC invocations=49 (full 3):
 PSYoungGen      total 14336K, used 14107K [0x00000000eab00000, 0x00000000ebc00000, 0x0000000100000000)
  eden space 11264K, 99% used [0x00000000eab00000,0x00000000eb5fed38,0x00000000eb600000)
  from space 3072K, 92% used [0x00000000eb900000,0x00000000ebbc8130,0x00000000ebc00000)
  to   space 3072K, 0% used [0x00000000eb600000,0x00000000eb600000,0x00000000eb900000)
 ParOldGen       total 95744K, used 92144K [0x00000000c0000000, 0x00000000c5d80000, 0x00000000eab00000)
  object space 95744K, 96% used [0x00000000c0000000,0x00000000c59fc0c0,0x00000000c5d80000)
 Metaspace       used 57136K, committed 58176K, reserved 1114112K
  class space    used 6078K, committed 6528K, reserved 1048576K
}
Event: 6.344 GC heap after
{Heap after GC invocations=49 (full 3):
 PSYoungGen      total 14336K, used 3071K [0x00000000eab00000, 0x00000000ec500000, 0x0000000100000000)
  eden space 11264K, 0% used [0x00000000eab00000,0x00000000eab00000,0x00000000eb600000)
  from space 3072K, 99% used [0x00000000eb600000,0x00000000eb8ffd58,0x00000000eb900000)
  to   space 7680K, 0% used [0x00000000ebd80000,0x00000000ebd80000,0x00000000ec500000)
 ParOldGen       total 95744K, used 95669K [0x00000000c0000000, 0x00000000c5d80000, 0x00000000eab00000)
  object space 95744K, 99% used [0x00000000c0000000,0x00000000c5d6d690,0x00000000c5d80000)
 Metaspace       used 57136K, committed 58176K, reserved 1114112K
  class space    used 6078K, committed 6528K, reserved 1048576K
}
Event: 6.378 GC heap before
{Heap before GC invocations=50 (full 4):
 PSYoungGen      total 14336K, used 14335K [0x00000000eab00000, 0x00000000ec500000, 0x0000000100000000)
  eden space 11264K, 100% used [0x00000000eab00000,0x00000000eb600000,0x00000000eb600000)
  from space 3072K, 99% used [0x00000000eb600000,0x00000000eb8ffd58,0x00000000eb900000)
  to   space 7680K, 0% used [0x00000000ebd80000,0x00000000ebd80000,0x00000000ec500000)
 ParOldGen       total 95744K, used 95669K [0x00000000c0000000, 0x00000000c5d80000, 0x00000000eab00000)
  object space 95744K, 99% used [0x00000000c0000000,0x00000000c5d6d690,0x00000000c5d80000)
 Metaspace       used 57136K, committed 58176K, reserved 1114112K
  class space    used 6078K, committed 6528K, reserved 1048576K
}

