# JRE version: OpenJDK Runtime Environment Temurin-17.0.13+11 (17.0.13+11) (build 17.0.13+11)
# Java VM: OpenJDK 64-Bit Server VM Temurin-17.0.13+11 (17.0.13+11, mixed mode, tiered, compressed oops, compressed class ptrs, parallel gc, windows-amd64)
GC Precious Log:
 CPUs: 8 total, 8 available
 Memory: 16321M
 Large Page Support: Disabled
 NUMA Support: Disabled
 Compressed Oops: Enabled (32-bit)
 Alignments: Space 512K, Generation 512K, Heap 2M
 Heap Min Capacity: 100M
 Heap Initial Capacity: 100M
 Heap Max Capacity: 1G
 Pre-touch: Disabled
 Parallel Workers: 8
Heap:
 PSYoungGen      total 51712K, used 48691K [0x00000000eab00000, 0x00000000eef00000, 0x0000000100000000)
  eden space 33280K, 100% used [0x00000000eab00000,0x00000000ecb80000,0x00000000ecb80000)
  from space 18432K, 83% used [0x00000000ecb80000,0x00000000eda8cc58,0x00000000edd80000)
  to   space 16384K, 0% used [0x00000000edf00000,0x00000000edf00000,0x00000000eef00000)
 ParOldGen       total 266752K, used 266503K [0x00000000c0000000, 0x00000000d0480000, 0x00000000eab00000)
  object space 266752K, 99% used [0x00000000c0000000,0x00000000d0441f18,0x00000000d0480000)
 Metaspace       used 57770K, committed 58816K, reserved 1114112K
  class space    used 6156K, committed 6592K, reserved 1048576K
GC Heap History (20 events):
Event: 8.580 GC heap after
{Heap after GC invocations=88 (full 7):
 PSYoungGen      total 27648K, used 8163K [0x00000000eab00000, 0x00000000ed680000, 0x0000000100000000)
  eden space 19456K, 0% used [0x00000000eab00000,0x00000000eab00000,0x00000000ebe00000)
  from space 8192K, 99% used [0x00000000ebe00000,0x00000000ec5f8e18,0x00000000ec600000)
  to   space 11776K, 0% used [0x00000000ecb00000,0x00000000ecb00000,0x00000000ed680000)
 ParOldGen       total 220160K, used 210567K [0x00000000c0000000, 0x00000000cd700000, 0x00000000eab00000)
  object space 220160K, 95% used [0x00000000c0000000,0x00000000ccda1c10,0x00000000cd700000)
 Metaspace       used 57626K, committed 58688K, reserved 1114112K
  class space    used 6145K, committed 6592K, reserved 1048576K
}
Event: 8.629 GC heap before
{Heap before GC invocations=89 (full 7):
 PSYoungGen      total 27648K, used 27619K [0x00000000eab00000, 0x00000000ed680000, 0x0000000100000000)
  eden space 19456K, 100% used [0x00000000eab00000,0x00000000ebe00000,0x00000000ebe00000)
  from space 8192K, 99% used [0x00000000ebe00000,0x00000000ec5f8e18,0x00000000ec600000)
  to   space 11776K, 0% used [0x00000000ecb00000,0x00000000ecb00000,0x00000000ed680000)
 ParOldGen       total 220160K, used 210567K [0x00000000c0000000, 0x00000000cd700000, 0x00000000eab00000)
  object space 220160K, 95% used [0x00000000c0000000,0x00000000ccda1c10,0x00000000cd700000)
 Metaspace       used 57627K, committed 58688K, reserved 1114112K
  class space    used 6145K, committed 6592K, reserved 1048576K
}
Event: 8.634 GC heap after
{Heap after GC invocations=89 (full 7):
 PSYoungGen      total 29184K, used 7372K [0x00000000eab00000, 0x00000000ed280000, 0x0000000100000000)
  eden space 21504K, 0% used [0x00000000eab00000,0x00000000eab00000,0x00000000ec000000)
  from space 7680K, 95% used [0x00000000ecb00000,0x00000000ed233108,0x00000000ed280000)
  to   space 8704K, 0% used [0x00000000ec180000,0x00000000ec180000,0x00000000eca00000)
 ParOldGen       total 220160K, used 215351K [0x00000000c0000000, 0x00000000cd700000, 0x00000000eab00000)
  object space 220160K, 97% used [0x00000000c0000000,0x00000000cd24dc50,0x00000000cd700000)
 Metaspace       used 57627K, committed 58688K, reserved 1114112K
  class space    used 6145K, committed 6592K, reserved 1048576K
}
Event: 8.688 GC heap before
{Heap before GC invocations=90 (full 8):
 PSYoungGen      total 29184K, used 28876K [0x00000000eab00000, 0x00000000ed280000, 0x0000000100000000)
  eden space 21504K, 100% used [0x00000000eab00000,0x00000000ec000000,0x00000000ec000000)
  from space 7680K, 95% used [0x00000000ecb00000,0x00000000ed233108,0x00000000ed280000)
  to   space 8704K, 0% used [0x00000000ec180000,0x00000000ec180000,0x00000000eca00000)
 ParOldGen       total 220160K, used 215351K [0x00000000c0000000, 0x00000000cd700000, 0x00000000eab00000)
  object space 220160K, 97% used [0x00000000c0000000,0x00000000cd24dc50,0x00000000cd700000)
 Metaspace       used 57627K, committed 58688K, reserved 1114112K
  class space    used 6145K, committed 6592K, reserved 1048576K
}
Event: 8.816 GC heap after
{Heap after GC invocations=90 (full 8):
 PSYoungGen      total 31232K, used 3985K [0x00000000eab00000, 0x00000000ed300000, 0x0000000100000000)
  eden space 23552K, 0% used [0x00000000eab00000,0x00000000eab00000,0x00000000ec200000)
  from space 7680K, 51% used [0x00000000ecb00000,0x00000000ecee4720,0x00000000ed280000)
  to   space 8704K, 0% used [0x00000000ec200000,0x00000000ec200000,0x00000000eca80000)
 ParOldGen       total 264192K, used 219694K [0x00000000c0000000, 0x00000000d0200000, 0x00000000eab00000)
  object space 264192K, 83% used [0x00000000c0000000,0x00000000cd68b878,0x00000000d0200000)
 Metaspace       used 57627K, committed 58688K, reserved 1114112K
  class space    used 6145K, committed 6592K, reserved 1048576K
}
Event: 8.891 GC heap before
{Heap before GC invocations=91 (full 8):
 PSYoungGen      total 31232K, used 27537K [0x00000000eab00000, 0x00000000ed300000, 0x0000000100000000)
  eden space 23552K, 100% used [0x00000000eab00000,0x00000000ec200000,0x00000000ec200000)
  from space 7680K, 51% used [0x00000000ecb00000,0x00000000ecee4720,0x00000000ed280000)
  to   space 8704K, 0% used [0x00000000ec200000,0x00000000ec200000,0x00000000eca80000)
 ParOldGen       total 264192K, used 219694K [0x00000000c0000000, 0x00000000d0200000, 0x00000000eab00000)
  object space 264192K, 83% used [0x00000000c0000000,0x00000000cd68b878,0x00000000d0200000)
 Metaspace       used 57716K, committed 58752K, reserved 1114112K
  class space    used 6152K, committed 6592K, reserved 1048576K
}
Event: 8.902 GC heap after
{Heap after GC invocations=91 (full 8):
 PSYoungGen      total 32256K, used 8699K [0x00000000eab00000, 0x00000000ed800000, 0x0000000100000000)
  eden space 23552K, 0% used [0x00000000eab00000,0x00000000eab00000,0x00000000ec200000)
  from space 8704K, 99% used [0x00000000ec200000,0x00000000eca7ef80,0x00000000eca80000)
  to   space 10240K, 0% used [0x00000000ece00000,0x00000000ece00000,0x00000000ed800000)
 ParOldGen       total 264192K, used 220383K [0x00000000c0000000, 0x00000000d0200000, 0x00000000eab00000)
  object space 264192K, 83% used [0x00000000c0000000,0x00000000cd737f40,0x00000000d0200000)
 Metaspace       used 57716K, committed 58752K, reserved 1114112K
  class space    used 6152K, committed 6592K, reserved 1048576K
}
Event: 8.970 GC heap before
{Heap before GC invocations=92 (full 8):
 PSYoungGen      total 32256K, used 32251K [0x00000000eab00000, 0x00000000ed800000, 0x0000000100000000)
  eden space 23552K, 100% used [0x00000000eab00000,0x00000000ec200000,0x00000000ec200000)
  from space 8704K, 99% used [0x00000000ec200000,0x00000000eca7ef80,0x00000000eca80000)
  to   space 10240K, 0% used [0x00000000ece00000,0x00000000ece00000,0x00000000ed800000)
 ParOldGen       total 264192K, used 220383K [0x00000000c0000000, 0x00000000d0200000, 0x00000000eab00000)
  object space 264192K, 83% used [0x00000000c0000000,0x00000000cd737f40,0x00000000d0200000)
 Metaspace       used 57724K, committed 58752K, reserved 1114112K
  class space    used 6153K, committed 6592K, reserved 1048576K
}
Event: 8.977 GC heap after
{Heap after GC invocations=92 (full 8):
 PSYoungGen      total 35840K, used 9923K [0x00000000eab00000, 0x00000000ed800000, 0x0000000100000000)
  eden space 25600K, 0% used [0x00000000eab00000,0x00000000eab00000,0x00000000ec400000)
  from space 10240K, 96% used [0x00000000ece00000,0x00000000ed7b0f28,0x00000000ed800000)
  to   space 10240K, 0% used [0x00000000ec400000,0x00000000ec400000,0x00000000ece00000)
 ParOldGen       total 264192K, used 224233K [0x00000000c0000000, 0x00000000d0200000, 0x00000000eab00000)
  object space 264192K, 84% used [0x00000000c0000000,0x00000000cdafa7e8,0x00000000d0200000)
 Metaspace       used 57724K, committed 58752K, reserved 1114112K
  class space    used 6153K, committed 6592K, reserved 1048576K
}
Event: 9.036 GC heap before
{Heap before GC invocations=93 (full 8):
 PSYoungGen      total 35840K, used 35523K [0x00000000eab00000, 0x00000000ed800000, 0x0000000100000000)
  eden space 25600K, 100% used [0x00000000eab00000,0x00000000ec400000,0x00000000ec400000)
  from space 10240K, 96% used [0x00000000ece00000,0x00000000ed7b0f28,0x00000000ed800000)
  to   space 10240K, 0% used [0x00000000ec400000,0x00000000ec400000,0x00000000ece00000)
 ParOldGen       total 264192K, used 224233K [0x00000000c0000000, 0x00000000d0200000, 0x00000000eab00000)
  object space 264192K, 84% used [0x00000000c0000000,0x00000000cdafa7e8,0x00000000d0200000)
 Metaspace       used 57724K, committed 58752K, reserved 1114112K
  class space    used 6153K, committed 6592K, reserved 1048576K
}
Event: 9.041 GC heap after
{Heap after GC invocations=93 (full 8):
 PSYoungGen      total 35840K, used 10212K [0x00000000eab00000, 0x00000000ee700000, 0x0000000100000000)
  eden space 25600K, 0% used [0x00000000eab00000,0x00000000eab00000,0x00000000ec400000)
  from space 10240K, 99% used [0x00000000ec400000,0x00000000ecdf9258,0x00000000ece00000)
  to   space 16896K, 0% used [0x00000000ed680000,0x00000000ed680000,0x00000000ee700000)
 ParOldGen       total 264192K, used 229645K [0x00000000c0000000, 0x00000000d0200000, 0x00000000eab00000)
  object space 264192K, 86% used [0x00000000c0000000,0x00000000ce0434d0,0x00000000d0200000)
 Metaspace       used 57724K, committed 58752K, reserved 1114112K
  class space    used 6153K, committed 6592K, reserved 1048576K
}
Event: 9.085 GC heap before
{Heap before GC invocations=94 (full 8):
 PSYoungGen      total 35840K, used 35812K [0x00000000eab00000, 0x00000000ee700000, 0x0000000100000000)
  eden space 25600K, 100% used [0x00000000eab00000,0x00000000ec400000,0x00000000ec400000)
  from space 10240K, 99% used [0x00000000ec400000,0x00000000ecdf9258,0x00000000ece00000)
  to   space 16896K, 0% used [0x00000000ed680000,0x00000000ed680000,0x00000000ee700000)
 ParOldGen       total 264192K, used 229645K [0x00000000c0000000, 0x00000000d0200000, 0x00000000eab00000)
  object space 264192K, 86% used [0x00000000c0000000,0x00000000ce0434d0,0x00000000d0200000)
 Metaspace       used 57724K, committed 58752K, reserved 1114112K
  class space    used 6153K, committed 6592K, reserved 1048576K
}
Event: 9.091 GC heap after
{Heap after GC invocations=94 (full 8):
 PSYoungGen      total 38912K, used 10787K [0x00000000eab00000, 0x00000000ee180000, 0x0000000100000000)
  eden space 27648K, 0% used [0x00000000eab00000,0x00000000eab00000,0x00000000ec600000)
  from space 11264K, 95% used [0x00000000ed680000,0x00000000ee108f88,0x00000000ee180000)
  to   space 12800K, 0% used [0x00000000ec880000,0x00000000ec880000,0x00000000ed500000)
 ParOldGen       total 264192K, used 235776K [0x00000000c0000000, 0x00000000d0200000, 0x00000000eab00000)
  object space 264192K, 89% used [0x00000000c0000000,0x00000000ce6401b8,0x00000000d0200000)
 Metaspace       used 57724K, committed 58752K, reserved 1114112K
  class space    used 6153K, committed 6592K, reserved 1048576K
}
Event: 9.113 GC heap before
{Heap before GC invocations=95 (full 8):
 PSYoungGen      total 38912K, used 38435K [0x00000000eab00000, 0x00000000ee180000, 0x0000000100000000)
  eden space 27648K, 100% used [0x00000000eab00000,0x00000000ec600000,0x00000000ec600000)
  from space 11264K, 95% used [0x00000000ed680000,0x00000000ee108f88,0x00000000ee180000)
  to   space 12800K, 0% used [0x00000000ec880000,0x00000000ec880000,0x00000000ed500000)
 ParOldGen       total 264192K, used 235776K [0x00000000c0000000, 0x00000000d0200000, 0x00000000eab00000)
  object space 264192K, 89% used [0x00000000c0000000,0x00000000ce6401b8,0x00000000d0200000)
 Metaspace       used 57724K, committed 58752K, reserved 1114112K
  class space    used 6153K, committed 6592K, reserved 1048576K
}
Event: 9.119 GC heap after
{Heap after GC invocations=95 (full 8):
 PSYoungGen      total 43008K, used 12778K [0x00000000eab00000, 0x00000000ef200000, 0x0000000100000000)
  eden space 30208K, 0% used [0x00000000eab00000,0x00000000eab00000,0x00000000ec880000)
  from space 12800K, 99% used [0x00000000ec880000,0x00000000ed4fa888,0x00000000ed500000)
  to   space 20992K, 0% used [0x00000000edd80000,0x00000000edd80000,0x00000000ef200000)
 ParOldGen       total 264192K, used 242295K [0x00000000c0000000, 0x00000000d0200000, 0x00000000eab00000)
  object space 264192K, 91% used [0x00000000c0000000,0x00000000cec9df20,0x00000000d0200000)
 Metaspace       used 57724K, committed 58752K, reserved 1114112K
  class space    used 6153K, committed 6592K, reserved 1048576K
}
Event: 9.136 GC heap before
{Heap before GC invocations=96 (full 8):
 PSYoungGen      total 43008K, used 42986K [0x00000000eab00000, 0x00000000ef200000, 0x0000000100000000)
  eden space 30208K, 100% used [0x00000000eab00000,0x00000000ec880000,0x00000000ec880000)
  from space 12800K, 99% used [0x00000000ec880000,0x00000000ed4fa888,0x00000000ed500000)
  to   space 20992K, 0% used [0x00000000edd80000,0x00000000edd80000,0x00000000ef200000)
 ParOldGen       total 264192K, used 242295K [0x00000000c0000000, 0x00000000d0200000, 0x00000000eab00000)
  object space 264192K, 91% used [0x00000000c0000000,0x00000000cec9df20,0x00000000d0200000)
 Metaspace       used 57724K, committed 58752K, reserved 1114112K
  class space    used 6153K, committed 6592K, reserved 1048576K
}
Event: 9.143 GC heap after
{Heap after GC invocations=96 (full 8):
 PSYoungGen      total 52224K, used 17438K [0x00000000eab00000, 0x00000000ef000000, 0x0000000100000000)
  eden space 33280K, 0% used [0x00000000eab00000,0x00000000eab00000,0x00000000ecb80000)
  from space 18944K, 92% used [0x00000000edd80000,0x00000000eee87a68,0x00000000ef000000)
  to   space 18432K, 0% used [0x00000000ecb80000,0x00000000ecb80000,0x00000000edd80000)
 ParOldGen       total 264192K, used 249498K [0x00000000c0000000, 0x00000000d0200000, 0x00000000eab00000)
  object space 264192K, 94% used [0x00000000c0000000,0x00000000cf3a6aa8,0x00000000d0200000)
 Metaspace       used 57724K, committed 58752K, reserved 1114112K
  class space    used 6153K, committed 6592K, reserved 1048576K
}
Event: 9.399 GC heap before
{Heap before GC invocations=97 (full 8):
 PSYoungGen      total 52224K, used 50718K [0x00000000eab00000, 0x00000000ef000000, 0x0000000100000000)
  eden space 33280K, 100% used [0x00000000eab00000,0x00000000ecb80000,0x00000000ecb80000)
  from space 18944K, 92% used [0x00000000edd80000,0x00000000eee87a68,0x00000000ef000000)
  to   space 18432K, 0% used [0x00000000ecb80000,0x00000000ecb80000,0x00000000edd80000)
 ParOldGen       total 264192K, used 249498K [0x00000000c0000000, 0x00000000d0200000, 0x00000000eab00000)
  object space 264192K, 94% used [0x00000000c0000000,0x00000000cf3a6aa8,0x00000000d0200000)
 Metaspace       used 57738K, committed 58816K, reserved 1114112K
  class space    used 6153K, committed 6592K, reserved 1048576K
}
Event: 9.409 GC heap after
{Heap after GC invocations=97 (full 8):
 PSYoungGen      total 51712K, used 15411K [0x00000000eab00000, 0x00000000eef00000, 0x0000000100000000)
  eden space 33280K, 0% used [0x00000000eab00000,0x00000000eab00000,0x00000000ecb80000)
  from space 18432K, 83% used [0x00000000ecb80000,0x00000000eda8cc58,0x00000000edd80000)
  to   space 16384K, 0% used [0x00000000edf00000,0x00000000edf00000,0x00000000eef00000)
 ParOldGen       total 266752K, used 266503K [0x00000000c0000000, 0x00000000d0480000, 0x00000000eab00000)
  object space 266752K, 99% used [0x00000000c0000000,0x00000000d0441f18,0x00000000d0480000)
 Metaspace       used 57738K, committed 58816K, reserved 1114112K
  class space    used 6153K, committed 6592K, reserved 1048576K
}
Event: 9.827 GC heap before
{Heap before GC invocations=98 (full 9):
 PSYoungGen      total 51712K, used 48691K [0x00000000eab00000, 0x00000000eef00000, 0x0000000100000000)
  eden space 33280K, 100% used [0x00000000eab00000,0x00000000ecb80000,0x00000000ecb80000)
  from space 18432K, 83% used [0x00000000ecb80000,0x00000000eda8cc58,0x00000000edd80000)
  to   space 16384K, 0% used [0x00000000edf00000,0x00000000edf00000,0x00000000eef00000)
 ParOldGen       total 266752K, used 266503K [0x00000000c0000000, 0x00000000d0480000, 0x00000000eab00000)
  object space 266752K, 99% used [0x00000000c0000000,0x00000000d0441f18,0x00000000d0480000)
 Metaspace       used 57770K, committed 58816K, reserved 1114112K
  class space    used 6156K, committed 6592K, reserved 1048576K
}

