# JRE version: OpenJDK Runtime Environment Temurin-17.0.13+11 (17.0.13+11) (build 17.0.13+11)
# Java VM: OpenJDK 64-Bit Server VM Temurin-17.0.13+11 (17.0.13+11, mixed mode, tiered, compressed oops, compressed class ptrs, parallel gc, windows-amd64)
GC Precious Log:
 CPUs: 8 total, 8 available
 Memory: 16321M
 Large Page Support: Disabled
 NUMA Support: Disabled
 Compressed Oops: Enabled (32-bit)
 Alignments: Space 512K, Generation 512K, Heap 2M
 Heap Min Capacity: 100M
 Heap Initial Capacity: 100M
 Heap Max Capacity: 1G
 Pre-touch: Disabled
 Parallel Workers: 8
Heap:
 PSYoungGen      total 20480K, used 20327K [0x00000000eab00000, 0x00000000ed500000, 0x0000000100000000)
  eden space 10240K, 99% used [0x00000000eab00000,0x00000000eb4f5578,0x00000000eb500000)
  from space 10240K, 98% used [0x00000000eb500000,0x00000000ebee4868,0x00000000ebf00000)
  to   space 15872K, 0% used [0x00000000ec580000,0x00000000ec580000,0x00000000ed500000)
 ParOldGen       total 296448K, used 296060K [0x00000000c0000000, 0x00000000d2180000, 0x00000000eab00000)
  object space 296448K, 99% used [0x00000000c0000000,0x00000000d211f210,0x00000000d2180000)
 Metaspace       used 59833K, committed 60928K, reserved 1114112K
  class space    used 6512K, committed 6976K, reserved 1048576K
GC Heap History (20 events):
Event: 18.494 GC heap after
{Heap after GC invocations=101 (full 8):
 PSYoungGen      total 38912K, used 6481K [0x00000000eab00000, 0x00000000ede00000, 0x0000000100000000)
  eden space 32256K, 0% used [0x00000000eab00000,0x00000000eab00000,0x00000000eca80000)
  from space 6656K, 97% used [0x00000000ed780000,0x00000000eddd4610,0x00000000ede00000)
  to   space 8704K, 0% used [0x00000000ecd00000,0x00000000ecd00000,0x00000000ed580000)
 ParOldGen       total 232960K, used 217316K [0x00000000c0000000, 0x00000000ce380000, 0x00000000eab00000)
  object space 232960K, 93% used [0x00000000c0000000,0x00000000cd4392f8,0x00000000ce380000)
 Metaspace       used 59748K, committed 60864K, reserved 1114112K
  class space    used 6509K, committed 6976K, reserved 1048576K
}
Event: 18.579 GC heap before
{Heap before GC invocations=102 (full 8):
 PSYoungGen      total 38912K, used 38737K [0x00000000eab00000, 0x00000000ede00000, 0x0000000100000000)
  eden space 32256K, 100% used [0x00000000eab00000,0x00000000eca80000,0x00000000eca80000)
  from space 6656K, 97% used [0x00000000ed780000,0x00000000eddd4610,0x00000000ede00000)
  to   space 8704K, 0% used [0x00000000ecd00000,0x00000000ecd00000,0x00000000ed580000)
 ParOldGen       total 232960K, used 217316K [0x00000000c0000000, 0x00000000ce380000, 0x00000000eab00000)
  object space 232960K, 93% used [0x00000000c0000000,0x00000000cd4392f8,0x00000000ce380000)
 Metaspace       used 59748K, committed 60864K, reserved 1114112K
  class space    used 6509K, committed 6976K, reserved 1048576K
}
Event: 18.585 GC heap after
{Heap after GC invocations=102 (full 8):
 PSYoungGen      total 43520K, used 8693K [0x00000000eab00000, 0x00000000eea00000, 0x0000000100000000)
  eden space 34816K, 0% used [0x00000000eab00000,0x00000000eab00000,0x00000000ecd00000)
  from space 8704K, 99% used [0x00000000ecd00000,0x00000000ed57d408,0x00000000ed580000)
  to   space 14848K, 0% used [0x00000000edb80000,0x00000000edb80000,0x00000000eea00000)
 ParOldGen       total 232960K, used 222130K [0x00000000c0000000, 0x00000000ce380000, 0x00000000eab00000)
  object space 232960K, 95% used [0x00000000c0000000,0x00000000cd8eca50,0x00000000ce380000)
 Metaspace       used 59748K, committed 60864K, reserved 1114112K
  class space    used 6509K, committed 6976K, reserved 1048576K
}
Event: 18.669 GC heap before
{Heap before GC invocations=103 (full 8):
 PSYoungGen      total 43520K, used 43509K [0x00000000eab00000, 0x00000000eea00000, 0x0000000100000000)
  eden space 34816K, 100% used [0x00000000eab00000,0x00000000ecd00000,0x00000000ecd00000)
  from space 8704K, 99% used [0x00000000ecd00000,0x00000000ed57d408,0x00000000ed580000)
  to   space 14848K, 0% used [0x00000000edb80000,0x00000000edb80000,0x00000000eea00000)
 ParOldGen       total 232960K, used 222130K [0x00000000c0000000, 0x00000000ce380000, 0x00000000eab00000)
  object space 232960K, 95% used [0x00000000c0000000,0x00000000cd8eca50,0x00000000ce380000)
 Metaspace       used 59748K, committed 60864K, reserved 1114112K
  class space    used 6509K, committed 6976K, reserved 1048576K
}
Event: 18.677 GC heap after
{Heap after GC invocations=103 (full 8):
 PSYoungGen      total 46592K, used 7935K [0x00000000eab00000, 0x00000000ee400000, 0x0000000100000000)
  eden space 37888K, 0% used [0x00000000eab00000,0x00000000eab00000,0x00000000ed000000)
  from space 8704K, 91% used [0x00000000edb80000,0x00000000ee33ffa8,0x00000000ee400000)
  to   space 10240K, 0% used [0x00000000ed000000,0x00000000ed000000,0x00000000eda00000)
 ParOldGen       total 232960K, used 230447K [0x00000000c0000000, 0x00000000ce380000, 0x00000000eab00000)
  object space 232960K, 98% used [0x00000000c0000000,0x00000000ce10bc18,0x00000000ce380000)
 Metaspace       used 59748K, committed 60864K, reserved 1114112K
  class space    used 6509K, committed 6976K, reserved 1048576K
}
Event: 18.767 GC heap before
{Heap before GC invocations=104 (full 9):
 PSYoungGen      total 46592K, used 45823K [0x00000000eab00000, 0x00000000ee400000, 0x0000000100000000)
  eden space 37888K, 100% used [0x00000000eab00000,0x00000000ed000000,0x00000000ed000000)
  from space 8704K, 91% used [0x00000000edb80000,0x00000000ee33ffa8,0x00000000ee400000)
  to   space 10240K, 0% used [0x00000000ed000000,0x00000000ed000000,0x00000000eda00000)
 ParOldGen       total 232960K, used 230447K [0x00000000c0000000, 0x00000000ce380000, 0x00000000eab00000)
  object space 232960K, 98% used [0x00000000c0000000,0x00000000ce10bc18,0x00000000ce380000)
 Metaspace       used 59757K, committed 60864K, reserved 1114112K
  class space    used 6509K, committed 6976K, reserved 1048576K
}
Event: 18.892 GC heap after
{Heap after GC invocations=104 (full 9):
 PSYoungGen      total 48128K, used 10641K [0x00000000eab00000, 0x00000000ee700000, 0x0000000100000000)
  eden space 37888K, 28% used [0x00000000eab00000,0x00000000eb564788,0x00000000ed000000)
  from space 10240K, 0% used [0x00000000ed000000,0x00000000ed000000,0x00000000eda00000)
  to   space 8704K, 0% used [0x00000000edb80000,0x00000000edb80000,0x00000000ee400000)
 ParOldGen       total 293888K, used 232956K [0x00000000c0000000, 0x00000000d1f00000, 0x00000000eab00000)
  object space 293888K, 79% used [0x00000000c0000000,0x00000000ce37f030,0x00000000d1f00000)
 Metaspace       used 59757K, committed 60864K, reserved 1114112K
  class space    used 6509K, committed 6976K, reserved 1048576K
}
Event: 18.938 GC heap before
{Heap before GC invocations=105 (full 9):
 PSYoungGen      total 48128K, used 37888K [0x00000000eab00000, 0x00000000ee700000, 0x0000000100000000)
  eden space 37888K, 100% used [0x00000000eab00000,0x00000000ed000000,0x00000000ed000000)
  from space 10240K, 0% used [0x00000000ed000000,0x00000000ed000000,0x00000000eda00000)
  to   space 8704K, 0% used [0x00000000edb80000,0x00000000edb80000,0x00000000ee400000)
 ParOldGen       total 293888K, used 232956K [0x00000000c0000000, 0x00000000d1f00000, 0x00000000eab00000)
  object space 293888K, 79% used [0x00000000c0000000,0x00000000ce37f030,0x00000000d1f00000)
 Metaspace       used 59780K, committed 60864K, reserved 1114112K
  class space    used 6511K, committed 6976K, reserved 1048576K
}
Event: 18.961 GC heap after
{Heap after GC invocations=105 (full 9):
 PSYoungGen      total 37376K, used 8697K [0x00000000eab00000, 0x00000000efc00000, 0x0000000100000000)
  eden space 28672K, 0% used [0x00000000eab00000,0x00000000eab00000,0x00000000ec700000)
  from space 8704K, 99% used [0x00000000edb80000,0x00000000ee3fe428,0x00000000ee400000)
  to   space 20992K, 0% used [0x00000000ec700000,0x00000000ec700000,0x00000000edb80000)
 ParOldGen       total 293888K, used 243045K [0x00000000c0000000, 0x00000000d1f00000, 0x00000000eab00000)
  object space 293888K, 82% used [0x00000000c0000000,0x00000000ced596e8,0x00000000d1f00000)
 Metaspace       used 59780K, committed 60864K, reserved 1114112K
  class space    used 6511K, committed 6976K, reserved 1048576K
}
Event: 19.014 GC heap before
{Heap before GC invocations=106 (full 9):
 PSYoungGen      total 37376K, used 37361K [0x00000000eab00000, 0x00000000efc00000, 0x0000000100000000)
  eden space 28672K, 99% used [0x00000000eab00000,0x00000000ec6fe0c8,0x00000000ec700000)
  from space 8704K, 99% used [0x00000000edb80000,0x00000000ee3fe428,0x00000000ee400000)
  to   space 20992K, 0% used [0x00000000ec700000,0x00000000ec700000,0x00000000edb80000)
 ParOldGen       total 293888K, used 243045K [0x00000000c0000000, 0x00000000d1f00000, 0x00000000eab00000)
  object space 293888K, 82% used [0x00000000c0000000,0x00000000ced596e8,0x00000000d1f00000)
 Metaspace       used 59794K, committed 60864K, reserved 1114112K
  class space    used 6511K, committed 6976K, reserved 1048576K
}
Event: 19.021 GC heap after
{Heap after GC invocations=106 (full 9):
 PSYoungGen      total 39424K, used 10476K [0x00000000eab00000, 0x00000000ee480000, 0x0000000100000000)
  eden space 28672K, 0% used [0x00000000eab00000,0x00000000eab00000,0x00000000ec700000)
  from space 10752K, 97% used [0x00000000ec700000,0x00000000ed13b3e8,0x00000000ed180000)
  to   space 13824K, 0% used [0x00000000ed700000,0x00000000ed700000,0x00000000ee480000)
 ParOldGen       total 293888K, used 251530K [0x00000000c0000000, 0x00000000d1f00000, 0x00000000eab00000)
  object space 293888K, 85% used [0x00000000c0000000,0x00000000cf5a2b90,0x00000000d1f00000)
 Metaspace       used 59794K, committed 60864K, reserved 1114112K
  class space    used 6511K, committed 6976K, reserved 1048576K
}
Event: 19.125 GC heap before
{Heap before GC invocations=107 (full 9):
 PSYoungGen      total 39424K, used 39148K [0x00000000eab00000, 0x00000000ee480000, 0x0000000100000000)
  eden space 28672K, 100% used [0x00000000eab00000,0x00000000ec700000,0x00000000ec700000)
  from space 10752K, 97% used [0x00000000ec700000,0x00000000ed13b3e8,0x00000000ed180000)
  to   space 13824K, 0% used [0x00000000ed700000,0x00000000ed700000,0x00000000ee480000)
 ParOldGen       total 293888K, used 251530K [0x00000000c0000000, 0x00000000d1f00000, 0x00000000eab00000)
  object space 293888K, 85% used [0x00000000c0000000,0x00000000cf5a2b90,0x00000000d1f00000)
 Metaspace       used 59805K, committed 60864K, reserved 1114112K
  class space    used 6511K, committed 6976K, reserved 1048576K
}
Event: 19.132 GC heap after
{Heap after GC invocations=107 (full 9):
 PSYoungGen      total 35328K, used 13815K [0x00000000eab00000, 0x00000000ef780000, 0x0000000100000000)
  eden space 21504K, 0% used [0x00000000eab00000,0x00000000eab00000,0x00000000ec000000)
  from space 13824K, 99% used [0x00000000ed700000,0x00000000ee47df98,0x00000000ee480000)
  to   space 23552K, 0% used [0x00000000ec000000,0x00000000ec000000,0x00000000ed700000)
 ParOldGen       total 293888K, used 259138K [0x00000000c0000000, 0x00000000d1f00000, 0x00000000eab00000)
  object space 293888K, 88% used [0x00000000c0000000,0x00000000cfd10b50,0x00000000d1f00000)
 Metaspace       used 59805K, committed 60864K, reserved 1114112K
  class space    used 6511K, committed 6976K, reserved 1048576K
}
Event: 19.381 GC heap before
{Heap before GC invocations=108 (full 9):
 PSYoungGen      total 35328K, used 35319K [0x00000000eab00000, 0x00000000ef780000, 0x0000000100000000)
  eden space 21504K, 100% used [0x00000000eab00000,0x00000000ec000000,0x00000000ec000000)
  from space 13824K, 99% used [0x00000000ed700000,0x00000000ee47df98,0x00000000ee480000)
  to   space 23552K, 0% used [0x00000000ec000000,0x00000000ec000000,0x00000000ed700000)
 ParOldGen       total 293888K, used 259138K [0x00000000c0000000, 0x00000000d1f00000, 0x00000000eab00000)
  object space 293888K, 88% used [0x00000000c0000000,0x00000000cfd10b50,0x00000000d1f00000)
 Metaspace       used 59816K, committed 60864K, reserved 1114112K
  class space    used 6512K, committed 6976K, reserved 1048576K
}
Event: 19.390 GC heap after
{Heap after GC invocations=108 (full 9):
 PSYoungGen      total 33792K, used 12085K [0x00000000eab00000, 0x00000000ee080000, 0x0000000100000000)
  eden space 21504K, 0% used [0x00000000eab00000,0x00000000eab00000,0x00000000ec000000)
  from space 12288K, 98% used [0x00000000ec000000,0x00000000ecbcd4b0,0x00000000ecc00000)
  to   space 15872K, 0% used [0x00000000ed100000,0x00000000ed100000,0x00000000ee080000)
 ParOldGen       total 293888K, used 272731K [0x00000000c0000000, 0x00000000d1f00000, 0x00000000eab00000)
  object space 293888K, 92% used [0x00000000c0000000,0x00000000d0a56c90,0x00000000d1f00000)
 Metaspace       used 59816K, committed 60864K, reserved 1114112K
  class space    used 6512K, committed 6976K, reserved 1048576K
}
Event: 19.617 GC heap before
{Heap before GC invocations=109 (full 9):
 PSYoungGen      total 33792K, used 32546K [0x00000000eab00000, 0x00000000ee080000, 0x0000000100000000)
  eden space 21504K, 95% used [0x00000000eab00000,0x00000000ebefb3a8,0x00000000ec000000)
  from space 12288K, 98% used [0x00000000ec000000,0x00000000ecbcd4b0,0x00000000ecc00000)
  to   space 15872K, 0% used [0x00000000ed100000,0x00000000ed100000,0x00000000ee080000)
 ParOldGen       total 293888K, used 272731K [0x00000000c0000000, 0x00000000d1f00000, 0x00000000eab00000)
  object space 293888K, 92% used [0x00000000c0000000,0x00000000d0a56c90,0x00000000d1f00000)
 Metaspace       used 59818K, committed 60864K, reserved 1114112K
  class space    used 6512K, committed 6976K, reserved 1048576K
}
Event: 19.630 GC heap after
{Heap after GC invocations=109 (full 9):
 PSYoungGen      total 26112K, used 15862K [0x00000000eab00000, 0x00000000ef980000, 0x0000000100000000)
  eden space 10240K, 0% used [0x00000000eab00000,0x00000000eab00000,0x00000000eb500000)
  from space 15872K, 99% used [0x00000000ed100000,0x00000000ee07d840,0x00000000ee080000)
  to   space 28672K, 0% used [0x00000000eb500000,0x00000000eb500000,0x00000000ed100000)
 ParOldGen       total 293888K, used 282625K [0x00000000c0000000, 0x00000000d1f00000, 0x00000000eab00000)
  object space 293888K, 96% used [0x00000000c0000000,0x00000000d1400580,0x00000000d1f00000)
 Metaspace       used 59818K, committed 60864K, reserved 1114112K
  class space    used 6512K, committed 6976K, reserved 1048576K
}
Event: 19.783 GC heap before
{Heap before GC invocations=110 (full 9):
 PSYoungGen      total 26112K, used 26102K [0x00000000eab00000, 0x00000000ef980000, 0x0000000100000000)
  eden space 10240K, 100% used [0x00000000eab00000,0x00000000eb500000,0x00000000eb500000)
  from space 15872K, 99% used [0x00000000ed100000,0x00000000ee07d840,0x00000000ee080000)
  to   space 28672K, 0% used [0x00000000eb500000,0x00000000eb500000,0x00000000ed100000)
 ParOldGen       total 293888K, used 282625K [0x00000000c0000000, 0x00000000d1f00000, 0x00000000eab00000)
  object space 293888K, 96% used [0x00000000c0000000,0x00000000d1400580,0x00000000d1f00000)
 Metaspace       used 59819K, committed 60864K, reserved 1114112K
  class space    used 6512K, committed 6976K, reserved 1048576K
}
Event: 19.794 GC heap after
{Heap after GC invocations=110 (full 9):
 PSYoungGen      total 20480K, used 10130K [0x00000000eab00000, 0x00000000ed500000, 0x0000000100000000)
  eden space 10240K, 0% used [0x00000000eab00000,0x00000000eab00000,0x00000000eb500000)
  from space 10240K, 98% used [0x00000000eb500000,0x00000000ebee4868,0x00000000ebf00000)
  to   space 15872K, 0% used [0x00000000ec580000,0x00000000ec580000,0x00000000ed500000)
 ParOldGen       total 296448K, used 296060K [0x00000000c0000000, 0x00000000d2180000, 0x00000000eab00000)
  object space 296448K, 99% used [0x00000000c0000000,0x00000000d211f210,0x00000000d2180000)
 Metaspace       used 59819K, committed 60864K, reserved 1114112K
  class space    used 6512K, committed 6976K, reserved 1048576K
}
Event: 19.962 GC heap before
{Heap before GC invocations=111 (full 10):
 PSYoungGen      total 20480K, used 20327K [0x00000000eab00000, 0x00000000ed500000, 0x0000000100000000)
  eden space 10240K, 99% used [0x00000000eab00000,0x00000000eb4f5578,0x00000000eb500000)
  from space 10240K, 98% used [0x00000000eb500000,0x00000000ebee4868,0x00000000ebf00000)
  to   space 15872K, 0% used [0x00000000ec580000,0x00000000ec580000,0x00000000ed500000)
 ParOldGen       total 296448K, used 296060K [0x00000000c0000000, 0x00000000d2180000, 0x00000000eab00000)
  object space 296448K, 99% used [0x00000000c0000000,0x00000000d211f210,0x00000000d2180000)
 Metaspace       used 59833K, committed 60928K, reserved 1114112K
  class space    used 6512K, committed 6976K, reserved 1048576K
}

