# JRE version: OpenJDK Runtime Environment (20.0.2+9) (build 20.0.2+9-78)
# Java VM: OpenJDK 64-Bit Server VM (20.0.2+9-78, mixed mode, sharing, tiered, compressed oops, compressed class ptrs, g1 gc, windows-amd64)
GC Precious Log:
 CardTable entry size: 512
 Card Set container configuration: InlinePtr #cards 5 size 8 Array Of Cards #cards 12 size 40 Howl #buckets 4 coarsen threshold 1843 Howl Bitmap #cards 512 size 80 coarsen threshold 460 Card regions per heap region 1 cards per card region 2048
 CPUs: 8 total, 8 available
 Memory: 16255M
 Large Page Support: Disabled
 NUMA Support: Disabled
 Compressed Oops: Enabled (32-bit)
 Heap Region Size: 1M
 Heap Min Capacity: 8M
 Heap Initial Capacity: 254M
 Heap Max Capacity: 2G
 Pre-touch: Disabled
 Parallel Workers: 8
 Concurrent Workers: 2
 Concurrent Refinement Workers: 8
 Periodic GC: Disabled
Heap:
 garbage-first heap   total 158720K, used 104138K [0x0000000080000000, 0x0000000100000000)
  region size 1024K, 29 young (29696K), 4 survivors (4096K)
 Metaspace       used 84885K, committed 86784K, reserved 552960K
  class space    used 11240K, committed 12160K, reserved 421888K
GC Heap History (20 events):
Event: 13.453 GC heap before
{Heap before GC invocations=13 (full 0):
 garbage-first heap   total 104448K, used 90774K [0x0000000080000000, 0x0000000100000000)
  region size 1024K, 51 young (52224K), 7 survivors (7168K)
 Metaspace       used 44256K, committed 45696K, reserved 487424K
  class space    used 6077K, committed 6784K, reserved 421888K
}
Event: 13.459 GC heap after
{Heap after GC invocations=14 (full 0):
 garbage-first heap   total 104448K, used 47627K [0x0000000080000000, 0x0000000100000000)
  region size 1024K, 4 young (4096K), 4 survivors (4096K)
 Metaspace       used 44256K, committed 45696K, reserved 487424K
  class space    used 6077K, committed 6784K, reserved 421888K
}
Event: 13.948 GC heap before
{Heap before GC invocations=14 (full 0):
 garbage-first heap   total 104448K, used 93707K [0x0000000080000000, 0x0000000100000000)
  region size 1024K, 48 young (49152K), 4 survivors (4096K)
 Metaspace       used 50888K, committed 52288K, reserved 487424K
  class space    used 7305K, committed 8000K, reserved 421888K
}
Event: 13.951 GC heap after
{Heap after GC invocations=15 (full 0):
 garbage-first heap   total 104448K, used 49370K [0x0000000080000000, 0x0000000100000000)
  region size 1024K, 2 young (2048K), 2 survivors (2048K)
 Metaspace       used 50888K, committed 52288K, reserved 487424K
  class space    used 7305K, committed 8000K, reserved 421888K
}
Event: 14.362 GC heap before
{Heap before GC invocations=15 (full 0):
 garbage-first heap   total 104448K, used 94426K [0x0000000080000000, 0x0000000100000000)
  region size 1024K, 46 young (47104K), 2 survivors (2048K)
 Metaspace       used 57282K, committed 58752K, reserved 487424K
  class space    used 8103K, committed 8832K, reserved 421888K
}
Event: 14.365 GC heap after
{Heap after GC invocations=16 (full 0):
 garbage-first heap   total 104448K, used 50544K [0x0000000080000000, 0x0000000100000000)
  region size 1024K, 3 young (3072K), 3 survivors (3072K)
 Metaspace       used 57282K, committed 58752K, reserved 487424K
  class space    used 8103K, committed 8832K, reserved 421888K
}
Event: 14.790 GC heap before
{Heap before GC invocations=17 (full 0):
 garbage-first heap   total 104448K, used 101744K [0x0000000080000000, 0x0000000100000000)
  region size 1024K, 46 young (47104K), 3 survivors (3072K)
 Metaspace       used 62868K, committed 64320K, reserved 487424K
  class space    used 8772K, committed 9472K, reserved 421888K
}
Event: 14.795 GC heap after
{Heap after GC invocations=18 (full 0):
 garbage-first heap   total 108544K, used 60982K [0x0000000080000000, 0x0000000100000000)
  region size 1024K, 6 young (6144K), 6 survivors (6144K)
 Metaspace       used 62868K, committed 64320K, reserved 487424K
  class space    used 8772K, committed 9472K, reserved 421888K
}
Event: 15.007 GC heap before
{Heap before GC invocations=18 (full 0):
 garbage-first heap   total 108544K, used 95798K [0x0000000080000000, 0x0000000100000000)
  region size 1024K, 40 young (40960K), 6 survivors (6144K)
 Metaspace       used 63865K, committed 65344K, reserved 487424K
  class space    used 8875K, committed 9600K, reserved 421888K
}
Event: 15.016 GC heap after
{Heap after GC invocations=19 (full 0):
 garbage-first heap   total 110592K, used 60230K [0x0000000080000000, 0x0000000100000000)
  region size 1024K, 5 young (5120K), 5 survivors (5120K)
 Metaspace       used 63865K, committed 65344K, reserved 487424K
  class space    used 8875K, committed 9600K, reserved 421888K
}
Event: 15.271 GC heap before
{Heap before GC invocations=19 (full 0):
 garbage-first heap   total 110592K, used 83782K [0x0000000080000000, 0x0000000100000000)
  region size 1024K, 29 young (29696K), 5 survivors (5120K)
 Metaspace       used 67236K, committed 68736K, reserved 487424K
  class space    used 9250K, committed 9984K, reserved 421888K
}
Event: 15.276 GC heap after
{Heap after GC invocations=20 (full 0):
 garbage-first heap   total 137216K, used 62662K [0x0000000080000000, 0x0000000100000000)
  region size 1024K, 2 young (2048K), 2 survivors (2048K)
 Metaspace       used 67236K, committed 68736K, reserved 487424K
  class space    used 9250K, committed 9984K, reserved 421888K
}
Event: 15.881 GC heap before
{Heap before GC invocations=21 (full 0):
 garbage-first heap   total 137216K, used 129222K [0x0000000080000000, 0x0000000100000000)
  region size 1024K, 60 young (61440K), 2 survivors (2048K)
 Metaspace       used 73767K, committed 75392K, reserved 487424K
  class space    used 9895K, committed 10688K, reserved 421888K
}
Event: 15.884 GC heap after
{Heap after GC invocations=22 (full 0):
 garbage-first heap   total 137216K, used 73497K [0x0000000080000000, 0x0000000100000000)
  region size 1024K, 6 young (6144K), 6 survivors (6144K)
 Metaspace       used 73767K, committed 75392K, reserved 487424K
  class space    used 9895K, committed 10688K, reserved 421888K
}
Event: 16.388 GC heap before
{Heap before GC invocations=22 (full 0):
 garbage-first heap   total 137216K, used 121625K [0x0000000080000000, 0x0000000100000000)
  region size 1024K, 53 young (54272K), 6 survivors (6144K)
 Metaspace       used 79706K, committed 81600K, reserved 552960K
  class space    used 10663K, committed 11584K, reserved 421888K
}
Event: 16.394 GC heap after
{Heap after GC invocations=23 (full 0):
 garbage-first heap   total 137216K, used 76025K [0x0000000080000000, 0x0000000100000000)
  region size 1024K, 4 young (4096K), 4 survivors (4096K)
 Metaspace       used 79706K, committed 81600K, reserved 552960K
  class space    used 10663K, committed 11584K, reserved 421888K
}
Event: 16.573 GC heap before
{Heap before GC invocations=23 (full 0):
 garbage-first heap   total 137216K, used 91385K [0x0000000080000000, 0x0000000100000000)
  region size 1024K, 20 young (20480K), 4 survivors (4096K)
 Metaspace       used 81902K, committed 83712K, reserved 552960K
  class space    used 10934K, committed 11840K, reserved 421888K
}
Event: 16.577 GC heap after
{Heap after GC invocations=24 (full 0):
 garbage-first heap   total 137216K, used 76817K [0x0000000080000000, 0x0000000100000000)
  region size 1024K, 5 young (5120K), 5 survivors (5120K)
 Metaspace       used 81902K, committed 83712K, reserved 552960K
  class space    used 10934K, committed 11840K, reserved 421888K
}
Event: 16.946 GC heap before
{Heap before GC invocations=25 (full 0):
 garbage-first heap   total 158720K, used 122897K [0x0000000080000000, 0x0000000100000000)
  region size 1024K, 49 young (50176K), 5 survivors (5120K)
 Metaspace       used 84111K, committed 86016K, reserved 552960K
  class space    used 11176K, committed 12096K, reserved 421888K
}
Event: 16.950 GC heap after
{Heap after GC invocations=26 (full 0):
 garbage-first heap   total 158720K, used 79562K [0x0000000080000000, 0x0000000100000000)
  region size 1024K, 4 young (4096K), 4 survivors (4096K)
 Metaspace       used 84111K, committed 86016K, reserved 552960K
  class space    used 11176K, committed 12096K, reserved 421888K
}

