# JRE version: OpenJDK Runtime Environment Microsoft-8035250 (11.0.20+8) (build 11.0.20+8-LTS)
# Java VM: OpenJDK 64-Bit Server VM Microsoft-8035250 (11.0.20+8-LTS, mixed mode, tiered, compressed oops, g1 gc, windows-amd64)
Heap:
 garbage-first heap   total 395264K, used 305469K [0x0000000080000000, 0x0000000100000000)
  region size 1024K, 40 young (40960K), 7 survivors (7168K)
 Metaspace       used 129621K, capacity 135197K, committed 135924K, reserved 634880K
  class space    used 16477K, capacity 18483K, committed 18816K, reserved 516096K
GC Heap History (20 events):
Event: 3953.255 GC heap before
{Heap before GC invocations=84 (full 0):
 garbage-first heap   total 395264K, used 309596K [0x0000000080000000, 0x0000000100000000)
  region size 1024K, 38 young (38912K), 5 survivors (5120K)
 Metaspace       used 128646K, capacity 134139K, committed 135156K, reserved 632832K
  class space    used 16433K, capacity 18407K, committed 18816K, reserved 516096K
}
Event: 3953.264 GC heap after
{Heap after GC invocations=85 (full 0):
 garbage-first heap   total 395264K, used 281022K [0x0000000080000000, 0x0000000100000000)
  region size 1024K, 5 young (5120K), 5 survivors (5120K)
 Metaspace       used 128646K, capacity 134139K, committed 135156K, reserved 632832K
  class space    used 16433K, capacity 18407K, committed 18816K, reserved 516096K
}
Event: 3953.555 GC heap before
{Heap before GC invocations=85 (full 0):
 garbage-first heap   total 395264K, used 315838K [0x0000000080000000, 0x0000000100000000)
  region size 1024K, 39 young (39936K), 5 survivors (5120K)
 Metaspace       used 128739K, capacity 134232K, committed 135412K, reserved 634880K
  class space    used 16435K, capacity 18412K, committed 18816K, reserved 516096K
}
Event: 3953.564 GC heap after
{Heap after GC invocations=86 (full 0):
 garbage-first heap   total 395264K, used 289020K [0x0000000080000000, 0x0000000100000000)
  region size 1024K, 5 young (5120K), 5 survivors (5120K)
 Metaspace       used 128739K, capacity 134232K, committed 135412K, reserved 634880K
  class space    used 16435K, capacity 18412K, committed 18816K, reserved 516096K
}
Event: 3953.710 GC heap before
{Heap before GC invocations=86 (full 0):
 garbage-first heap   total 395264K, used 320764K [0x0000000080000000, 0x0000000100000000)
  region size 1024K, 37 young (37888K), 5 survivors (5120K)
 Metaspace       used 128794K, capacity 134303K, committed 135412K, reserved 634880K
  class space    used 16437K, capacity 18414K, committed 18816K, reserved 516096K
}
Event: 3953.724 GC heap after
{Heap after GC invocations=87 (full 0):
 garbage-first heap   total 395264K, used 297309K [0x0000000080000000, 0x0000000100000000)
  region size 1024K, 5 young (5120K), 5 survivors (5120K)
 Metaspace       used 128794K, capacity 134303K, committed 135412K, reserved 634880K
  class space    used 16437K, capacity 18414K, committed 18816K, reserved 516096K
}
Event: 3954.007 GC heap before
{Heap before GC invocations=87 (full 0):
 garbage-first heap   total 395264K, used 308573K [0x0000000080000000, 0x0000000100000000)
  region size 1024K, 35 young (35840K), 5 survivors (5120K)
 Metaspace       used 128584K, capacity 134017K, committed 135412K, reserved 634880K
  class space    used 16368K, capacity 18286K, committed 18816K, reserved 516096K
}
Event: 3954.022 GC heap after
{Heap after GC invocations=88 (full 0):
 garbage-first heap   total 395264K, used 286248K [0x0000000080000000, 0x0000000100000000)
  region size 1024K, 5 young (5120K), 5 survivors (5120K)
 Metaspace       used 128584K, capacity 134017K, committed 135412K, reserved 634880K
  class space    used 16368K, capacity 18286K, committed 18816K, reserved 516096K
}
Event: 3954.232 GC heap before
{Heap before GC invocations=89 (full 0):
 garbage-first heap   total 395264K, used 321064K [0x0000000080000000, 0x0000000100000000)
  region size 1024K, 39 young (39936K), 5 survivors (5120K)
 Metaspace       used 128679K, capacity 134083K, committed 135668K, reserved 634880K
  class space    used 16369K, capacity 18286K, committed 18816K, reserved 516096K
}
Event: 3954.249 GC heap after
{Heap after GC invocations=90 (full 0):
 garbage-first heap   total 395264K, used 294652K [0x0000000080000000, 0x0000000100000000)
  region size 1024K, 5 young (5120K), 5 survivors (5120K)
 Metaspace       used 128679K, capacity 134083K, committed 135668K, reserved 634880K
  class space    used 16369K, capacity 18286K, committed 18816K, reserved 516096K
}
Event: 3954.321 GC heap before
{Heap before GC invocations=90 (full 0):
 garbage-first heap   total 395264K, used 308988K [0x0000000080000000, 0x0000000100000000)
  region size 1024K, 19 young (19456K), 5 survivors (5120K)
 Metaspace       used 128690K, capacity 134083K, committed 135668K, reserved 634880K
  class space    used 16369K, capacity 18286K, committed 18816K, reserved 516096K
}
Event: 3954.333 GC heap after
{Heap after GC invocations=91 (full 0):
 garbage-first heap   total 395264K, used 259260K [0x0000000080000000, 0x0000000100000000)
  region size 1024K, 3 young (3072K), 3 survivors (3072K)
 Metaspace       used 128690K, capacity 134083K, committed 135668K, reserved 634880K
  class space    used 16369K, capacity 18286K, committed 18816K, reserved 516096K
}
Event: 3954.409 GC heap before
{Heap before GC invocations=91 (full 0):
 garbage-first heap   total 395264K, used 275644K [0x0000000080000000, 0x0000000100000000)
  region size 1024K, 19 young (19456K), 3 survivors (3072K)
 Metaspace       used 128708K, capacity 134095K, committed 135668K, reserved 634880K
  class space    used 16371K, capacity 18289K, committed 18816K, reserved 516096K
}
Event: 3954.429 GC heap after
{Heap after GC invocations=92 (full 0):
 garbage-first heap   total 395264K, used 252218K [0x0000000080000000, 0x0000000100000000)
  region size 1024K, 3 young (3072K), 3 survivors (3072K)
 Metaspace       used 128708K, capacity 134095K, committed 135668K, reserved 634880K
  class space    used 16371K, capacity 18289K, committed 18816K, reserved 516096K
}
Event: 3954.674 GC heap before
{Heap before GC invocations=92 (full 0):
 garbage-first heap   total 395264K, used 298298K [0x0000000080000000, 0x0000000100000000)
  region size 1024K, 48 young (49152K), 3 survivors (3072K)
 Metaspace       used 128873K, capacity 134280K, committed 135668K, reserved 634880K
  class space    used 16386K, capacity 18318K, committed 18816K, reserved 516096K
}
Event: 3954.687 GC heap after
{Heap after GC invocations=93 (full 0):
 garbage-first heap   total 395264K, used 261898K [0x0000000080000000, 0x0000000100000000)
  region size 1024K, 6 young (6144K), 6 survivors (6144K)
 Metaspace       used 128873K, capacity 134280K, committed 135668K, reserved 634880K
  class space    used 16386K, capacity 18318K, committed 18816K, reserved 516096K
}
Event: 3955.036 GC heap before
{Heap before GC invocations=93 (full 0):
 garbage-first heap   total 395264K, used 306954K [0x0000000080000000, 0x0000000100000000)
  region size 1024K, 50 young (51200K), 6 survivors (6144K)
 Metaspace       used 129132K, capacity 134613K, committed 135668K, reserved 634880K
  class space    used 16430K, capacity 18396K, committed 18816K, reserved 516096K
}
Event: 3955.046 GC heap after
{Heap after GC invocations=94 (full 0):
 garbage-first heap   total 395264K, used 265368K [0x0000000080000000, 0x0000000100000000)
  region size 1024K, 3 young (3072K), 3 survivors (3072K)
 Metaspace       used 129132K, capacity 134613K, committed 135668K, reserved 634880K
  class space    used 16430K, capacity 18396K, committed 18816K, reserved 516096K
}
Event: 3955.342 GC heap before
{Heap before GC invocations=94 (full 0):
 garbage-first heap   total 395264K, used 312472K [0x0000000080000000, 0x0000000100000000)
  region size 1024K, 49 young (50176K), 3 survivors (3072K)
 Metaspace       used 129574K, capacity 135158K, committed 135924K, reserved 634880K
  class space    used 16470K, capacity 18471K, committed 18816K, reserved 516096K
}
Event: 3955.350 GC heap after
{Heap after GC invocations=95 (full 0):
 garbage-first heap   total 395264K, used 272701K [0x0000000080000000, 0x0000000100000000)
  region size 1024K, 7 young (7168K), 7 survivors (7168K)
 Metaspace       used 129574K, capacity 135158K, committed 135924K, reserved 634880K
  class space    used 16470K, capacity 18471K, committed 18816K, reserved 516096K
}

